[    67.898] (--) Log file renamed from "/home/ubuntu/.local/share/xorg/Xorg.pid-4736.log" to "/home/ubuntu/.local/share/xorg/Xorg.0.log"
[    67.898] 
X.Org X Server 1.21.1.3
X Protocol Version 11, Revision 0
[    67.899] Current Operating System: Linux ubuntu 5.15.0-25-generic #25-Ubuntu SMP Wed Mar 30 15:54:22 UTC 2022 x86_64
[    67.899] Kernel command line: BOOT_IMAGE=/casper/vmlinuz file=/cdrom/preseed/ubuntu.seed maybe-ubiquity quiet splash ---
[    67.899] xorg-server 2:21.1.3-2ubuntu2 (For technical support please see http://www.ubuntu.com/support) 
[    67.899] Current version of pixman: 0.40.0
[    67.899] 	Before reporting problems, check http://wiki.x.org
	to make sure that you have the latest version.
[    67.899] Markers: (--) probed, (**) from config file, (==) default setting,
	(++) from command line, (!!) notice, (II) informational,
	(WW) warning, (EE) error, (NI) not implemented, (??) unknown.
[    67.899] (==) Log file: "/home/ubuntu/.local/share/xorg/Xorg.0.log", Time: Sun Jun  5 16:33:33 2022
[    67.899] (==) Using system config directory "/usr/share/X11/xorg.conf.d"
[    67.900] (==) No Layout section.  Using the first Screen section.
[    67.900] (==) No screen section available. Using defaults.
[    67.900] (**) |-->Screen "Default Screen Section" (0)
[    67.900] (**) |   |-->Monitor "<default monitor>"
[    67.900] (==) No monitor specified for screen "Default Screen Section".
	Using a default monitor configuration.
[    67.900] (==) Automatically adding devices
[    67.900] (==) Automatically enabling devices
[    67.900] (==) Automatically adding GPU devices
[    67.900] (==) Automatically binding GPU devices
[    67.900] (==) Max clients allowed: 256, resource mask: 0x1fffff
[    67.900] (WW) The directory "/usr/share/fonts/X11/cyrillic" does not exist.
[    67.900] 	Entry deleted from font path.
[    67.900] (WW) The directory "/usr/share/fonts/X11/100dpi/" does not exist.
[    67.900] 	Entry deleted from font path.
[    67.901] (WW) The directory "/usr/share/fonts/X11/75dpi/" does not exist.
[    67.901] 	Entry deleted from font path.
[    67.901] (WW) The directory "/usr/share/fonts/X11/100dpi" does not exist.
[    67.901] 	Entry deleted from font path.
[    67.901] (WW) The directory "/usr/share/fonts/X11/75dpi" does not exist.
[    67.901] 	Entry deleted from font path.
[    67.901] (==) FontPath set to:
	/usr/share/fonts/X11/misc,
	/usr/share/fonts/X11/Type1,
	built-ins
[    67.901] (==) ModulePath set to "/usr/lib/xorg/modules"
[    67.901] (II) The server relies on udev to provide the list of input devices.
	If no devices become available, reconfigure udev or disable AutoAddDevices.
[    67.901] (II) Loader magic: 0x564a2b6e0020
[    67.901] (II) Module ABI versions:
[    67.901] 	X.Org ANSI C Emulation: 0.4
[    67.901] 	X.Org Video Driver: 25.2
[    67.901] 	X.Org XInput driver : 24.4
[    67.901] 	X.Org Server Extension : 10.0
[    67.902] (++) using VT number 2

[    67.904] (II) systemd-logind: took control of session /org/freedesktop/login1/session/_32
[    67.905] (II) xfree86: Adding drm device (/dev/dri/card0)
[    67.905] (II) Platform probe for /sys/devices/pci0000:00/0000:00:02.0/drm/card0
[    67.908] (II) systemd-logind: got fd for /dev/dri/card0 226:0 fd 14 paused 0
[    67.909] (--) PCI:*(0@0:2:0) 15ad:0405:15ad:0405 rev 0, Mem @ 0xe0000000/16777216, 0xf0000000/2097152, I/O @ 0x0000d010/16, BIOS @ 0x????????/131072
[    67.909] (II) LoadModule: "glx"
[    67.910] (II) Loading /usr/lib/xorg/modules/extensions/libglx.so
[    67.912] (II) Module glx: vendor="X.Org Foundation"
[    67.912] 	compiled for 1.21.1.3, module version = 1.0.0
[    67.912] 	ABI class: X.Org Server Extension, version 10.0
[    67.912] (==) Matched vmware as autoconfigured driver 0
[    67.912] (==) Matched modesetting as autoconfigured driver 1
[    67.912] (==) Matched fbdev as autoconfigured driver 2
[    67.912] (==) Matched vesa as autoconfigured driver 3
[    67.912] (==) Assigned the driver to the xf86ConfigLayout
[    67.912] (II) LoadModule: "vmware"
[    67.912] (II) Loading /usr/lib/xorg/modules/drivers/vmware_drv.so
[    67.944] (II) Module vmware: vendor="X.Org Foundation"
[    67.944] 	compiled for 1.21.1.3, module version = 13.3.0
[    67.944] 	Module class: X.Org Video Driver
[    67.944] 	ABI class: X.Org Video Driver, version 25.2
[    67.944] (II) LoadModule: "modesetting"
[    67.944] (II) Loading /usr/lib/xorg/modules/drivers/modesetting_drv.so
[    67.944] (II) Module modesetting: vendor="X.Org Foundation"
[    67.944] 	compiled for 1.21.1.3, module version = 1.21.1
[    67.944] 	Module class: X.Org Video Driver
[    67.944] 	ABI class: X.Org Video Driver, version 25.2
[    67.944] (II) LoadModule: "fbdev"
[    67.944] (II) Loading /usr/lib/xorg/modules/drivers/fbdev_drv.so
[    67.944] (II) Module fbdev: vendor="X.Org Foundation"
[    67.944] 	compiled for 1.21.1.3, module version = 0.5.0
[    67.944] 	Module class: X.Org Video Driver
[    67.944] 	ABI class: X.Org Video Driver, version 25.2
[    67.944] (II) LoadModule: "vesa"
[    67.945] (II) Loading /usr/lib/xorg/modules/drivers/vesa_drv.so
[    67.945] (II) Module vesa: vendor="X.Org Foundation"
[    67.945] 	compiled for 1.21.1.3, module version = 2.5.0
[    67.945] 	Module class: X.Org Video Driver
[    67.945] 	ABI class: X.Org Video Driver, version 25.2
[    67.945] (II) vmware: driver for VMware SVGA: vmware0405, vmware0710
[    67.945] (II) modesetting: Driver for Modesetting Kernel Drivers: kms
[    67.945] (II) FBDEV: driver for framebuffer: fbdev
[    67.945] (II) VESA: driver for VESA chipsets: vesa
[    67.945] xf86EnableIO: failed to enable I/O ports 0000-03ff (Operation not permitted)
[    67.945] (WW) Falling back to old probe method for modesetting
[    67.945] (WW) Falling back to old probe method for fbdev
[    67.945] (II) Loading sub module "fbdevhw"
[    67.945] (II) LoadModule: "fbdevhw"
[    67.945] (II) Loading /usr/lib/xorg/modules/libfbdevhw.so
[    67.946] (II) Module fbdevhw: vendor="X.Org Foundation"
[    67.946] 	compiled for 1.21.1.3, module version = 0.0.2
[    67.946] 	ABI class: X.Org Video Driver, version 25.2
[    67.946] (EE) open /dev/fb0: Permission denied
[    67.946] (WW) VGA arbiter: cannot open kernel arbiter, no multi-card support
[    67.946] (II) vmware(0): Creating default Display subsection in Screen section
	"Default Screen Section" for depth/fbbpp 24/32
[    67.946] (--) vmware(0): DRM driver version is 2.19.0
[    67.946] (==) vmware(0): Depth 24, (--) framebuffer bpp 32
[    67.946] (==) vmware(0): RGB weight 888
[    67.946] (==) vmware(0): Default visual is TrueColor
[    67.946] (--) vmware(0): Min width 1, Max Width 8192.
[    67.946] (--) vmware(0): Min height 1, Max Height 8192.
[    67.946] (II) vmware(0): Output Virtual1 has no monitor section
[    67.946] (II) vmware(0): Output Virtual2 has no monitor section
[    67.946] (II) vmware(0): Output Virtual3 has no monitor section
[    67.946] (II) vmware(0): Output Virtual4 has no monitor section
[    67.946] (II) vmware(0): Output Virtual5 has no monitor section
[    67.946] (II) vmware(0): Output Virtual6 has no monitor section
[    67.947] (II) vmware(0): Output Virtual7 has no monitor section
[    67.947] (II) vmware(0): Output Virtual8 has no monitor section
[    67.947] (II) vmware(0): Printing probed modes for output Virtual1
[    67.947] (II) vmware(0): Modeline "800x600"x60.0   42.75  800 850 900 950  600 650 700 750 -hsync +vsync (45.0 kHz eP)
[    67.947] (II) vmware(0): Modeline "2560x1600"x60.0  348.50  2560 2752 3032 3504  1600 1603 1609 1658 -hsync +vsync (99.5 kHz e)
[    67.947] (II) vmware(0): Modeline "2560x1440"x60.0  241.50  2560 2608 2640 2720  1440 1443 1448 1481 +hsync -vsync (88.8 kHz e)
[    67.947] (II) vmware(0): Modeline "1920x1440"x60.0  234.00  1920 2048 2256 2600  1440 1441 1444 1500 -hsync +vsync (90.0 kHz e)
[    67.947] (II) vmware(0): Modeline "1856x1392"x60.0  218.25  1856 1952 2176 2528  1392 1393 1396 1439 -hsync +vsync (86.3 kHz e)
[    67.947] (II) vmware(0): Modeline "1792x1344"x60.0  204.75  1792 1920 2120 2448  1344 1345 1348 1394 -hsync +vsync (83.6 kHz e)
[    67.947] (II) vmware(0): Modeline "1920x1200"x59.9  193.25  1920 2056 2256 2592  1200 1203 1209 1245 -hsync +vsync (74.6 kHz e)
[    67.947] (II) vmware(0): Modeline "1920x1080"x60.0  173.00  1920 2048 2248 2576  1080 1083 1088 1120 -hsync +vsync (67.2 kHz e)
[    67.947] (II) vmware(0): Modeline "1600x1200"x60.0  162.00  1600 1664 1856 2160  1200 1201 1204 1250 +hsync +vsync (75.0 kHz e)
[    67.947] (II) vmware(0): Modeline "1680x1050"x60.0  146.25  1680 1784 1960 2240  1050 1053 1059 1089 -hsync +vsync (65.3 kHz e)
[    67.947] (II) vmware(0): Modeline "1400x1050"x60.0  121.75  1400 1488 1632 1864  1050 1053 1057 1089 -hsync +vsync (65.3 kHz e)
[    67.947] (II) vmware(0): Modeline "1280x1024"x60.0  108.00  1280 1328 1440 1688  1024 1025 1028 1066 +hsync +vsync (64.0 kHz e)
[    67.947] (II) vmware(0): Modeline "1440x900"x59.9  106.50  1440 1520 1672 1904  900 903 909 934 -hsync +vsync (55.9 kHz e)
[    67.947] (II) vmware(0): Modeline "1280x960"x60.0  108.00  1280 1376 1488 1800  960 961 964 1000 +hsync +vsync (60.0 kHz e)
[    67.947] (II) vmware(0): Modeline "1360x768"x60.0   85.50  1360 1424 1536 1792  768 771 777 795 +hsync +vsync (47.7 kHz e)
[    67.947] (II) vmware(0): Modeline "1280x800"x59.8   83.50  1280 1352 1480 1680  800 803 809 831 +hsync -vsync (49.7 kHz e)
[    67.947] (II) vmware(0): Modeline "1152x864"x75.0  108.00  1152 1216 1344 1600  864 865 868 900 +hsync +vsync (67.5 kHz e)
[    67.947] (II) vmware(0): Modeline "1280x768"x59.9   79.50  1280 1344 1472 1664  768 771 778 798 -hsync +vsync (47.8 kHz e)
[    67.947] (II) vmware(0): Modeline "1280x720"x59.9   74.50  1280 1344 1472 1664  720 723 728 748 -hsync +vsync (44.8 kHz e)
[    67.947] (II) vmware(0): Modeline "1024x768"x60.0   65.00  1024 1048 1184 1344  768 771 777 806 -hsync -vsync (48.4 kHz e)
[    67.947] (II) vmware(0): Modeline "800x600"x60.3   40.00  800 840 968 1056  600 601 605 628 +hsync +vsync (37.9 kHz e)
[    67.947] (II) vmware(0): Modeline "640x480"x59.9   25.18  640 656 752 800  480 489 492 525 -hsync -vsync (31.5 kHz e)
[    67.948] (II) vmware(0): EDID for output Virtual2
[    67.948] (II) vmware(0): EDID for output Virtual3
[    67.948] (II) vmware(0): EDID for output Virtual4
[    67.948] (II) vmware(0): EDID for output Virtual5
[    67.948] (II) vmware(0): EDID for output Virtual6
[    67.948] (II) vmware(0): EDID for output Virtual7
[    67.948] (II) vmware(0): EDID for output Virtual8
[    67.948] (II) vmware(0): Output Virtual1 connected
[    67.948] (II) vmware(0): Output Virtual2 disconnected
[    67.948] (II) vmware(0): Output Virtual3 disconnected
[    67.948] (II) vmware(0): Output Virtual4 disconnected
[    67.948] (II) vmware(0): Output Virtual5 disconnected
[    67.948] (II) vmware(0): Output Virtual6 disconnected
[    67.948] (II) vmware(0): Output Virtual7 disconnected
[    67.948] (II) vmware(0): Output Virtual8 disconnected
[    67.948] (II) vmware(0): Using exact sizes for initial modes
[    67.948] (II) vmware(0): Output Virtual1 using initial mode 800x600 +0+0
[    67.948] (==) vmware(0): DPI set to (96, 96)
[    67.948] (==) vmware(0): Using gamma correction (1.0, 1.0, 1.0)
[    67.948] (II) Loading sub module "fb"
[    67.948] (II) LoadModule: "fb"
[    67.948] (II) Module "fb" already built-in
[    67.948] (II) Loading sub module "dri2"
[    67.948] (II) LoadModule: "dri2"
[    67.949] (II) Module "dri2" already built-in
[    67.949] (II) Loading sub module "dri3"
[    67.949] (II) LoadModule: "dri3"
[    67.949] (II) Module "dri3" already built-in
[    67.949] (II) UnloadModule: "modesetting"
[    67.949] (II) Unloading modesetting
[    67.949] (II) UnloadModule: "fbdev"
[    67.949] (II) Unloading fbdev
[    67.949] (II) UnloadSubModule: "fbdevhw"
[    67.949] (II) Unloading fbdevhw
[    67.949] (II) UnloadModule: "vesa"
[    67.949] (II) Unloading vesa
[    67.950] (II) vmware(0): Initialized VMWARE_CTRL extension version 0.2
[    67.951] (WW) vmware(0): Failed to initialize Gallium3D Xa. No render acceleration available.
[    67.951] (WW) vmware(0): Skipped initialization of direct rendering due to lack of render acceleration.
[    67.951] (--) vmware(0): Render acceleration is disabled.
[    67.951] (==) vmware(0): Rendercheck mode is disabled.
[    67.951] (--) vmware(0): Direct rendering (DRI2 3D) is disabled.
[    67.951] (--) vmware(0): Direct rendering (DRI3 3D) is disabled.
[    67.951] (==) vmware(0): Backing store enabled
[    67.951] (==) vmware(0): Silken mouse enabled
[    67.951] (==) vmware(0): DPMS enabled
[    67.951] (II) vmware(0): No 3D acceleration. Not setting up textured video.
[    67.951] (WW) vmware(0): Disabling Xv because no adaptors could be initialized.
[    67.951] (II) Initializing extension Generic Event Extension
[    67.951] (II) Initializing extension SHAPE
[    67.952] (II) Initializing extension MIT-SHM
[    67.952] (II) Initializing extension XInputExtension
[    67.952] (II) Initializing extension XTEST
[    67.952] (II) Initializing extension BIG-REQUESTS
[    67.952] (II) Initializing extension SYNC
[    67.952] (II) Initializing extension XKEYBOARD
[    67.952] (II) Initializing extension XC-MISC
[    67.952] (II) Initializing extension SECURITY
[    67.952] (II) Initializing extension XFIXES
[    67.953] (II) Initializing extension RENDER
[    67.953] (II) Initializing extension RANDR
[    67.953] (II) Initializing extension COMPOSITE
[    67.953] (II) Initializing extension DAMAGE
[    67.953] (II) Initializing extension MIT-SCREEN-SAVER
[    67.953] (II) Initializing extension DOUBLE-BUFFER
[    67.953] (II) Initializing extension RECORD
[    67.954] (II) Initializing extension DPMS
[    67.954] (II) Initializing extension Present
[    67.954] (II) Initializing extension DRI3
[    67.954] (II) Initializing extension X-Resource
[    67.954] (II) Initializing extension XVideo
[    67.954] (II) Initializing extension XVideo-MotionCompensation
[    67.954] (II) Initializing extension SELinux
[    67.954] (II) SELinux: Disabled on system
[    67.954] (II) Initializing extension GLX
[    67.954] (II) AIGLX: Screen 0 is not DRI2 capable
[    67.959] (II) IGLX: Loaded and initialized swrast
[    67.959] (II) GLX: Initialized DRISWRAST GL provider for screen 0
[    67.959] (II) Initializing extension XFree86-VidModeExtension
[    67.959] (II) Initializing extension XFree86-DGA
[    67.960] (II) Initializing extension XFree86-DRI
[    67.960] (II) Initializing extension DRI2
[    67.962] (II) vmware(0): Setting screen physical size to 211 x 158
[    67.982] (II) config/udev: Adding input device Power Button (/dev/input/event0)
[    67.982] (**) Power Button: Applying InputClass "libinput keyboard catchall"
[    67.982] (II) LoadModule: "libinput"
[    67.982] (II) Loading /usr/lib/xorg/modules/input/libinput_drv.so
[    67.983] (II) Module libinput: vendor="X.Org Foundation"
[    67.983] 	compiled for 1.20.14, module version = 1.2.1
[    67.984] 	Module class: X.Org XInput Driver
[    67.984] 	ABI class: X.Org XInput driver, version 24.1
[    67.984] (II) Using input driver 'libinput' for 'Power Button'
[    67.986] (II) systemd-logind: got fd for /dev/input/event0 13:64 fd 22 paused 0
[    67.986] (**) Power Button: always reports core events
[    67.986] (**) Option "Device" "/dev/input/event0"
[    67.987] (II) event0  - Power Button: is tagged by udev as: Keyboard
[    67.987] (II) event0  - Power Button: device is a keyboard
[    67.987] (II) event0  - Power Button: device removed
[    67.987] (**) Option "config_info" "udev:/sys/devices/LNXSYSTM:00/LNXPWRBN:00/input/input0/event0"
[    67.987] (II) XINPUT: Adding extended input device "Power Button" (type: KEYBOARD, id 6)
[    67.987] (**) Option "xkb_model" "pc105"
[    67.988] (**) Option "xkb_layout" "us"
[    67.988] (II) event0  - Power Button: is tagged by udev as: Keyboard
[    67.988] (II) event0  - Power Button: device is a keyboard
[    67.988] (II) config/udev: Adding input device Sleep Button (/dev/input/event1)
[    67.988] (**) Sleep Button: Applying InputClass "libinput keyboard catchall"
[    67.988] (II) Using input driver 'libinput' for 'Sleep Button'
[    67.991] (II) systemd-logind: got fd for /dev/input/event1 13:65 fd 25 paused 0
[    67.991] (**) Sleep Button: always reports core events
[    67.991] (**) Option "Device" "/dev/input/event1"
[    67.992] (II) event1  - Sleep Button: is tagged by udev as: Keyboard
[    67.992] (II) event1  - Sleep Button: device is a keyboard
[    67.992] (II) event1  - Sleep Button: device removed
[    67.992] (**) Option "config_info" "udev:/sys/devices/LNXSYSTM:00/LNXSLPBN:00/input/input1/event1"
[    67.992] (II) XINPUT: Adding extended input device "Sleep Button" (type: KEYBOARD, id 7)
[    67.992] (**) Option "xkb_model" "pc105"
[    67.992] (**) Option "xkb_layout" "us"
[    67.993] (II) event1  - Sleep Button: is tagged by udev as: Keyboard
[    67.993] (II) event1  - Sleep Button: device is a keyboard
[    67.993] (II) config/udev: Adding input device Video Bus (/dev/input/event3)
[    67.993] (**) Video Bus: Applying InputClass "libinput keyboard catchall"
[    67.994] (II) Using input driver 'libinput' for 'Video Bus'
[    67.995] (II) systemd-logind: got fd for /dev/input/event3 13:67 fd 26 paused 0
[    67.995] (**) Video Bus: always reports core events
[    67.995] (**) Option "Device" "/dev/input/event3"
[    67.996] (II) event3  - Video Bus: is tagged by udev as: Keyboard
[    67.996] (II) event3  - Video Bus: device is a keyboard
[    67.996] (II) event3  - Video Bus: device removed
[    67.996] (**) Option "config_info" "udev:/sys/devices/LNXSYSTM:00/LNXSYBUS:00/PNP0A03:00/LNXVIDEO:00/input/input5/event3"
[    67.996] (II) XINPUT: Adding extended input device "Video Bus" (type: KEYBOARD, id 8)
[    67.996] (**) Option "xkb_model" "pc105"
[    67.996] (**) Option "xkb_layout" "us"
[    67.997] (II) event3  - Video Bus: is tagged by udev as: Keyboard
[    67.997] (II) event3  - Video Bus: device is a keyboard
[    67.998] (II) config/udev: Adding input device VirtualBox mouse integration (/dev/input/event6)
[    67.998] (**) VirtualBox mouse integration: Applying InputClass "libinput pointer catchall"
[    67.998] (II) Using input driver 'libinput' for 'VirtualBox mouse integration'
[    68.000] (II) systemd-logind: got fd for /dev/input/event6 13:70 fd 27 paused 0
[    68.000] (**) VirtualBox mouse integration: always reports core events
[    68.000] (**) Option "Device" "/dev/input/event6"
[    68.000] (II) event6  - VirtualBox mouse integration: is tagged by udev as: Mouse
[    68.000] (II) event6  - VirtualBox mouse integration: device is a pointer
[    68.000] (II) event6  - VirtualBox mouse integration: device removed
[    68.000] (**) Option "config_info" "udev:/sys/devices/pci0000:00/0000:00:04.0/input/input7/event6"
[    68.001] (II) XINPUT: Adding extended input device "VirtualBox mouse integration" (type: MOUSE, id 9)
[    68.001] (**) Option "AccelerationScheme" "none"
[    68.001] (**) VirtualBox mouse integration: (accel) selected scheme none/0
[    68.001] (**) VirtualBox mouse integration: (accel) acceleration factor: 2.000
[    68.001] (**) VirtualBox mouse integration: (accel) acceleration threshold: 4
[    68.001] (II) event6  - VirtualBox mouse integration: is tagged by udev as: Mouse
[    68.001] (II) event6  - VirtualBox mouse integration: device is a pointer
[    68.002] (II) config/udev: Adding input device VirtualBox mouse integration (/dev/input/js1)
[    68.002] (II) No input driver specified, ignoring this device.
[    68.002] (II) This device may have been added with another device file.
[    68.002] (II) config/udev: Adding input device VirtualBox mouse integration (/dev/input/mouse2)
[    68.002] (II) No input driver specified, ignoring this device.
[    68.002] (II) This device may have been added with another device file.
[    68.003] (II) config/udev: Adding input device VirtualBox USB Tablet (/dev/input/event5)
[    68.003] (**) VirtualBox USB Tablet: Applying InputClass "libinput pointer catchall"
[    68.003] (II) Using input driver 'libinput' for 'VirtualBox USB Tablet'
[    68.063] (II) systemd-logind: got fd for /dev/input/event5 13:69 fd 28 paused 0
[    68.064] (**) VirtualBox USB Tablet: always reports core events
[    68.064] (**) Option "Device" "/dev/input/event5"
[    68.065] (II) event5  - VirtualBox USB Tablet: is tagged by udev as: Mouse
[    68.065] (II) event5  - VirtualBox USB Tablet: device is a pointer
[    68.065] (II) event5  - VirtualBox USB Tablet: device removed
[    68.065] (**) Option "config_info" "udev:/sys/devices/pci0000:00/0000:00:06.0/usb1/1-1/1-1:1.0/0003:80EE:0021.0001/input/input6/event5"
[    68.065] (II) XINPUT: Adding extended input device "VirtualBox USB Tablet" (type: MOUSE, id 10)
[    68.065] (**) Option "AccelerationScheme" "none"
[    68.066] (**) VirtualBox USB Tablet: (accel) selected scheme none/0
[    68.066] (**) VirtualBox USB Tablet: (accel) acceleration factor: 2.000
[    68.066] (**) VirtualBox USB Tablet: (accel) acceleration threshold: 4
[    68.067] (II) event5  - VirtualBox USB Tablet: is tagged by udev as: Mouse
[    68.067] (II) event5  - VirtualBox USB Tablet: device is a pointer
[    68.067] (II) config/udev: Adding input device VirtualBox USB Tablet (/dev/input/js0)
[    68.067] (II) No input driver specified, ignoring this device.
[    68.067] (II) This device may have been added with another device file.
[    68.068] (II) config/udev: Adding input device VirtualBox USB Tablet (/dev/input/mouse1)
[    68.068] (II) No input driver specified, ignoring this device.
[    68.068] (II) This device may have been added with another device file.
[    68.068] (II) config/udev: Adding input device AT Translated Set 2 keyboard (/dev/input/event2)
[    68.068] (**) AT Translated Set 2 keyboard: Applying InputClass "libinput keyboard catchall"
[    68.068] (II) Using input driver 'libinput' for 'AT Translated Set 2 keyboard'
[    68.070] (II) systemd-logind: got fd for /dev/input/event2 13:66 fd 29 paused 0
[    68.070] (**) AT Translated Set 2 keyboard: always reports core events
[    68.070] (**) Option "Device" "/dev/input/event2"
[    68.071] (II) event2  - AT Translated Set 2 keyboard: is tagged by udev as: Keyboard
[    68.071] (II) event2  - AT Translated Set 2 keyboard: device is a keyboard
[    68.071] (II) event2  - AT Translated Set 2 keyboard: device removed
[    68.071] (**) Option "config_info" "udev:/sys/devices/platform/i8042/serio0/input/input2/event2"
[    68.071] (II) XINPUT: Adding extended input device "AT Translated Set 2 keyboard" (type: KEYBOARD, id 11)
[    68.071] (**) Option "xkb_model" "pc105"
[    68.071] (**) Option "xkb_layout" "us"
[    68.072] (II) event2  - AT Translated Set 2 keyboard: is tagged by udev as: Keyboard
[    68.072] (II) event2  - AT Translated Set 2 keyboard: device is a keyboard
[    68.073] (II) config/udev: Adding input device ImExPS/2 Generic Explorer Mouse (/dev/input/event4)
[    68.073] (**) ImExPS/2 Generic Explorer Mouse: Applying InputClass "libinput pointer catchall"
[    68.073] (II) Using input driver 'libinput' for 'ImExPS/2 Generic Explorer Mouse'
[    68.075] (II) systemd-logind: got fd for /dev/input/event4 13:68 fd 30 paused 0
[    68.075] (**) ImExPS/2 Generic Explorer Mouse: always reports core events
[    68.075] (**) Option "Device" "/dev/input/event4"
[    68.076] (II) event4  - ImExPS/2 Generic Explorer Mouse: is tagged by udev as: Mouse
[    68.076] (II) event4  - ImExPS/2 Generic Explorer Mouse: device is a pointer
[    68.076] (II) event4  - ImExPS/2 Generic Explorer Mouse: device removed
[    68.076] (**) Option "config_info" "udev:/sys/devices/platform/i8042/serio1/input/input4/event4"
[    68.077] (II) XINPUT: Adding extended input device "ImExPS/2 Generic Explorer Mouse" (type: MOUSE, id 12)
[    68.077] (**) Option "AccelerationScheme" "none"
[    68.077] (**) ImExPS/2 Generic Explorer Mouse: (accel) selected scheme none/0
[    68.077] (**) ImExPS/2 Generic Explorer Mouse: (accel) acceleration factor: 2.000
[    68.077] (**) ImExPS/2 Generic Explorer Mouse: (accel) acceleration threshold: 4
[    68.078] (II) event4  - ImExPS/2 Generic Explorer Mouse: is tagged by udev as: Mouse
[    68.078] (II) event4  - ImExPS/2 Generic Explorer Mouse: device is a pointer
[    68.078] (II) config/udev: Adding input device ImExPS/2 Generic Explorer Mouse (/dev/input/mouse0)
[    68.078] (II) No input driver specified, ignoring this device.
[    68.078] (II) This device may have been added with another device file.
